==========+++++++++======+++++=======+=*=/==>Token                         Lexeme                        Property                      Line    Column  
IDENT                         float                         float                         1       0       
IDENT                         testDecimalFloats             testDecimalFloats             1       6       
LPAREN                        (                                                           1       23      
RPAREN                        )                                                           1       24      
LBRACE                        {                                                           2       0       
IDENT                         float                         float                         3       4       
IDENT                         a                             a                             3       10      
FLOAT_CONST                   3.14                                                        3       14      
SEMICOLON                     ;                                                           3       18      
IDENT                         float                         float                         4       4       
IDENT                         b                             b                             4       10      
FLOAT_CONST                   0.5                                                         4       14      
SEMICOLON                     ;                                                           4       17      
IDENT                         float                         float                         5       4       
IDENT                         c                             c                             5       10      
FLOAT_CONST                   123.456                                                     5       14      
SEMICOLON                     ;                                                           5       21      
IDENT                         float                         float                         6       4       
IDENT                         d                             d                             6       10      
FLOAT_CONST                   .5                                                          6       14      
SEMICOLON                     ;                                                           6       16      
IDENT                         float                         float                         7       4       
IDENT                         e                             e                             7       10      
FLOAT_CONST                   5.                                                          7       14      
SEMICOLON                     ;                                                           7       16      
IDENT                         float                         float                         9       4       
IDENT                         f                             f                             9       10      
FLOAT_CONST                   1e10                                                        9       14      
SEMICOLON                     ;                                                           9       18      
IDENT                         float                         float                         10      4       
IDENT                         g                             g                             10      10      
FLOAT_CONST                   1.5e10                                                      10      14      
SEMICOLON                     ;                                                           10      20      
IDENT                         float                         float                         11      4       
IDENT                         h                             h                             11      10      
FLOAT_CONST                   2.5e-3                                                      11      14      
SEMICOLON                     ;                                                           11      20      
IDENT                         float                         float                         12      4       
IDENT                         i                             i                             12      10      
FLOAT_CONST                   .5E+5                                                       12      14      
SEMICOLON                     ;                                                           12      19      
IDENT                         float                         float                         13      4       
IDENT                         j                             j                             13      10      
FLOAT_CONST                   3.e-10                                                      13      14      
SEMICOLON                     ;                                                           13      20      
RETURN                        return                                                      15      4       
IDENT                         a                             a                             15      11      
IDENT                         b                             b                             15      15      
IDENT                         c                             c                             15      19      
IDENT                         d                             d                             15      23      
IDENT                         e                             e                             15      27      
IDENT                         f                             f                             15      31      
IDENT                         g                             g                             15      35      
IDENT                         h                             h                             15      39      
IDENT                         i                             i                             15      43      
IDENT                         j                             j                             15      47      
SEMICOLON                     ;                                                           15      48      
RBRACE                        }                                                           16      0       
IDENT                         float                         float                         18      0       
IDENT                         testHexFloats                 testHexFloats                 18      6       
LPAREN                        (                                                           18      19      
RPAREN                        )                                                           18      20      
LBRACE                        {                                                           19      0       
IDENT                         float                         float                         20      4       
IDENT                         a                             a                             20      10      
FLOAT_CONST                   0x1.8p0                                                     20      14      
SEMICOLON                     ;                                                           20      21      
IDENT                         float                         float                         21      4       
IDENT                         b                             b                             21      10      
FLOAT_CONST                   0xA.Bp2                                                     21      14      
SEMICOLON                     ;                                                           21      21      
IDENT                         float                         float                         22      4       
IDENT                         c                             c                             22      10      
FLOAT_CONST                   0x1.0p-3                                                    22      14      
SEMICOLON                     ;                                                           22      22      
IDENT                         float                         float                         23      4       
IDENT                         d                             d                             23      10      
FLOAT_CONST                   0xF.Fp10                                                    23      14      
SEMICOLON                     ;                                                           23      22      
IDENT                         float                         float                         25      4       
IDENT                         e                             e                             25      10      
FLOAT_CONST                   0x1p5                                                       25      14      
SEMICOLON                     ;                                                           25      19      
IDENT                         float                         float                         26      4       
IDENT                         f                             f                             26      10      
FLOAT_CONST                   0xAp-2                                                      26      14      
SEMICOLON                     ;                                                           26      20      
RETURN                        return                                                      28      4       
IDENT                         a                             a                             28      11      
IDENT                         b                             b                             28      15      
IDENT                         c                             c                             28      19      
IDENT                         d                             d                             28      23      
IDENT                         e                             e                             28      27      
IDENT                         f                             f                             28      31      
SEMICOLON                     ;                                                           28      32      
RBRACE                        }                                                           29      0       
IDENT                         int                           int                           31      0       
IDENT                         main                          main                          31      4       
LPAREN                        (                                                           31      8       
RPAREN                        )                                                           31      9       
LBRACE                        {                                                           32      0       
IDENT                         float                         float                         33      4       
IDENT                         pi                            pi                            33      10      
FLOAT_CONST                   3.14159                                                     33      21      
SEMICOLON                     ;                                                           33      28      
IDENT                         float                         float                         34      4       
IDENT                         e_const                       e_const                       34      10      
FLOAT_CONST                   2.71828                                                     34      21      
SEMICOLON                     ;                                                           34      28      
IDENT                         float                         float                         35      4       
IDENT                         small                         small                         35      10      
FLOAT_CONST                   1e-10                                                       35      21      
SEMICOLON                     ;                                                           35      26      
IDENT                         float                         float                         36      4       
IDENT                         large                         large                         36      10      
FLOAT_CONST                   1.0e20                                                      36      21      
SEMICOLON                     ;                                                           36      27      
IDENT                         float                         float                         37      4       
IDENT                         hex_half                      hex_half                      37      10      
FLOAT_CONST                   0x1.0p-1                                                    37      21      
SEMICOLON                     ;                                                           37      29      
IDENT                         float                         float                         38      4       
IDENT                         hex_two                       hex_two                       38      10      
FLOAT_CONST                   0x2.0p0                                                     38      21      
SEMICOLON                     ;                                                           38      28      
IDENT                         float                         float                         40      4       
IDENT                         sum                           sum                           40      10      
IDENT                         pi                            pi                            40      21      
IDENT                         e_const                       e_const                       40      26      
SEMICOLON                     ;                                                           40      33      
IDENT                         float                         float                         41      4       
IDENT                         product                       product                       41      10      
IDENT                         small                         small                         41      21      
IDENT                         large                         large                         41      29      
SEMICOLON                     ;                                                           41      34      
IDENT                         float                         float                         42      4       
IDENT                         division                      division                      42      10      
IDENT                         hex_two                       hex_two                       42      21      
IDENT                         hex_half                      hex_half                      42      31      
SEMICOLON                     ;                                                           42      39      
IDENT                         float                         float                         44      4       
IDENT                         result1                       result1                       44      10      
IDENT                         testDecimalFloats             testDecimalFloats             44      20      
LPAREN                        (                                                           44      37      
RPAREN                        )                                                           44      38      
SEMICOLON                     ;                                                           44      39      
IDENT                         float                         float                         45      4       
IDENT                         result2                       result2                       45      10      
IDENT                         testHexFloats                 testHexFloats                 45      20      
LPAREN                        (                                                           45      33      
RPAREN                        )                                                           45      34      
SEMICOLON                     ;                                                           45      35      
IF                            if                                                          47      4       
LPAREN                        (                                                           47      7       
IDENT                         result1                       result1                       47      8       
IDENT                         result2                       result2                       47      18      
RPAREN                        )                                                           47      25      
RETURN                        return                                                      47      27      
INT_CONST                     1                             1                             47      34      
SEMICOLON                     ;                                                           47      35      
ELSE                          else                                                        48      4       
RETURN                        return                                                      48      9       
INT_CONST                     0                             0                             48      16      
SEMICOLON                     ;                                                           48      17      
RBRACE                        }                                                           49      0       
